<?xml version="1.0" encoding="UTF-8"?>
<testng-results ignored="0" total="1" passed="1" failed="0" skipped="0">
  <reporter-output>
  </reporter-output>
  <suite started-at="2023-12-05T13:06:27 IST" name="Default suite" finished-at="2023-12-05T13:06:32 IST" duration-ms="4515">
    <groups>
    </groups>
    <test started-at="2023-12-05T13:06:27 IST" name="Default test" finished-at="2023-12-05T13:06:32 IST" duration-ms="4515">
      <class name="Demo.Gifts">
        <test-method signature="gifts()[pri:0, instance:Demo.Gifts@49e53c76]" started-at="2023-12-05T13:06:27 IST" name="gifts" finished-at="2023-12-05T13:06:32 IST" duration-ms="4465" status="PASS">
          <reporter-output>
          </reporter-output>
        </test-method> <!-- gifts -->
      </class> <!-- Demo.Gifts -->
    </test> <!-- Default test -->
  </suite> <!-- Default suite -->
</testng-results>
